<?xml version="1.0" encoding="UTF-8" ?>
<testsuite tests="5" failures="0" name="za.gov.sars.test.WebServiceTestCase" time="2.193" errors="0" skipped="3">
  <properties>
[...]
</properties>
  <testcase classname="za.gov.sars.test.WebServiceTestCase" name="testA" time="0.675">
    <skipped/>
    <system-err>SLF4J: Failed to load class &quot;org.slf4j.impl.StaticLoggerBinder&quot;.
SLF4J: Defaulting to no-operation (NOP) logger implementation
SLF4J: See http://www.slf4j.org/codes.html#StaticLoggerBinder for further details.
</system-err>
  </testcase>
  <testcase classname="za.gov.sars.test.WebServiceTestCase" name="testB" time="0.675">
    <skipped/>
  </testcase>
  <testcase classname="za.gov.sars.test.WebServiceTestCase" name="testC" time="0.675">
    <skipped/>
  </testcase>
  <testcase classname="za.gov.sars.test.WebServiceTestCase" name="testD" time="0.121"/>
  <testcase classname="za.gov.sars.test.WebServiceTestCase" name="testE" time="0.047"/>
</testsuite>